c:\users\braaz\desktop\hacking\bewerbungsaufgabeadesso\bewerbungsaufgabeadesso\x64\debug\vc143.pdb
c:\users\braaz\desktop\hacking\bewerbungsaufgabeadesso\bewerbungsaufgabeadesso\x64\debug\vc143.idb
c:\users\braaz\desktop\hacking\bewerbungsaufgabeadesso\bewerbungsaufgabeadesso\x64\debug\scoreboard.obj
c:\users\braaz\desktop\hacking\bewerbungsaufgabeadesso\bewerbungsaufgabeadesso\x64\debug\player.obj
c:\users\braaz\desktop\hacking\bewerbungsaufgabeadesso\bewerbungsaufgabeadesso\x64\debug\menu.obj
c:\users\braaz\desktop\hacking\bewerbungsaufgabeadesso\bewerbungsaufgabeadesso\x64\debug\game.obj
c:\users\braaz\desktop\hacking\bewerbungsaufgabeadesso\bewerbungsaufgabeadesso\x64\debug\bewerbungsaufgabeadesso.obj
c:\users\braaz\desktop\hacking\bewerbungsaufgabeadesso\bewerbungsaufgabeadesso\x64\debug\ai.obj
c:\users\braaz\desktop\hacking\bewerbungsaufgabeadesso\bewerbungsaufgabeadesso\x64\debug\gameeffects.obj
c:\users\braaz\desktop\hacking\bewerbungsaufgabeadesso\x64\debug\bewerbungsaufgabeadesso.exe
c:\users\braaz\desktop\hacking\bewerbungsaufgabeadesso\x64\debug\bewerbungsaufgabeadesso.pdb
c:\users\braaz\desktop\hacking\bewerbungsaufgabeadesso\bewerbungsaufgabeadesso\x64\debug\bewerbungsaufgabeadesso.ilk
c:\users\braaz\desktop\hacking\bewerbungsaufgabeadesso\bewerbungsaufgabeadesso\x64\debug\bewerbun.b14ceeb9.tlog\cl.command.1.tlog
c:\users\braaz\desktop\hacking\bewerbungsaufgabeadesso\bewerbungsaufgabeadesso\x64\debug\bewerbun.b14ceeb9.tlog\cl.items.tlog
c:\users\braaz\desktop\hacking\bewerbungsaufgabeadesso\bewerbungsaufgabeadesso\x64\debug\bewerbun.b14ceeb9.tlog\cl.read.1.tlog
c:\users\braaz\desktop\hacking\bewerbungsaufgabeadesso\bewerbungsaufgabeadesso\x64\debug\bewerbun.b14ceeb9.tlog\cl.write.1.tlog
c:\users\braaz\desktop\hacking\bewerbungsaufgabeadesso\bewerbungsaufgabeadesso\x64\debug\bewerbun.b14ceeb9.tlog\link.command.1.tlog
c:\users\braaz\desktop\hacking\bewerbungsaufgabeadesso\bewerbungsaufgabeadesso\x64\debug\bewerbun.b14ceeb9.tlog\link.read.1.tlog
c:\users\braaz\desktop\hacking\bewerbungsaufgabeadesso\bewerbungsaufgabeadesso\x64\debug\bewerbun.b14ceeb9.tlog\link.secondary.1.tlog
c:\users\braaz\desktop\hacking\bewerbungsaufgabeadesso\bewerbungsaufgabeadesso\x64\debug\bewerbun.b14ceeb9.tlog\link.write.1.tlog
